Analysis & Synthesis report for uProcessor
Mon May 29 10:18:13 2017
Quartus Prime Version 16.0.0 Build 211 04/27/2016 SJ Lite Edition


---------------------
; Table of Contents ;
---------------------
  1. Legal Notice
  2. Analysis & Synthesis Summary
  3. Analysis & Synthesis Settings
  4. Parallel Compilation
  5. Analysis & Synthesis Messages



----------------
; Legal Notice ;
----------------
Copyright (C) 1991-2016 Altera Corporation. All rights reserved.
Your use of Altera Corporation's design tools, logic functions 
and other software and tools, and its AMPP partner logic 
functions, and any output files from any of the foregoing 
(including device programming or simulation files), and any 
associated documentation or information are expressly subject 
to the terms and conditions of the Altera Program License 
Subscription Agreement, the Altera Quartus Prime License Agreement,
the Altera MegaCore Function License Agreement, or other 
applicable license agreement, including, without limitation, 
that your use is for the sole purpose of programming logic 
devices manufactured by Altera and sold by Altera or its 
authorized distributors.  Please refer to the applicable 
agreement for further details.



+----------------------------------------------------------------------------------+
; Analysis & Synthesis Summary                                                     ;
+------------------------------------+---------------------------------------------+
; Analysis & Synthesis Status        ; Failed - Mon May 29 10:18:13 2017           ;
; Quartus Prime Version              ; 16.0.0 Build 211 04/27/2016 SJ Lite Edition ;
; Revision Name                      ; uProcessor                                  ;
; Top-level Entity Name              ; uProcessor                                  ;
; Family                             ; Cyclone IV E                                ;
; Total logic elements               ; N/A until Partition Merge                   ;
;     Total combinational functions  ; N/A until Partition Merge                   ;
;     Dedicated logic registers      ; N/A until Partition Merge                   ;
; Total registers                    ; N/A until Partition Merge                   ;
; Total pins                         ; N/A until Partition Merge                   ;
; Total virtual pins                 ; N/A until Partition Merge                   ;
; Total memory bits                  ; N/A until Partition Merge                   ;
; Embedded Multiplier 9-bit elements ; N/A until Partition Merge                   ;
; Total PLLs                         ; N/A until Partition Merge                   ;
+------------------------------------+---------------------------------------------+


+----------------------------------------------------------------------------------------------------------------------+
; Analysis & Synthesis Settings                                                                                        ;
+----------------------------------------------------------------------------+--------------------+--------------------+
; Option                                                                     ; Setting            ; Default Value      ;
+----------------------------------------------------------------------------+--------------------+--------------------+
; Top-level entity name                                                      ; uProcessor         ; uProcessor         ;
; Family name                                                                ; Cyclone IV E       ; Cyclone V          ;
; Use smart compilation                                                      ; Off                ; Off                ;
; Enable parallel Assembler and TimeQuest Timing Analyzer during compilation ; On                 ; On                 ;
; Enable compact report table                                                ; Off                ; Off                ;
; Restructure Multiplexers                                                   ; Auto               ; Auto               ;
; Create Debugging Nodes for IP Cores                                        ; Off                ; Off                ;
; Preserve fewer node names                                                  ; On                 ; On                 ;
; Disable OpenCore Plus hardware evaluation                                  ; Off                ; Off                ;
; Verilog Version                                                            ; Verilog_2001       ; Verilog_2001       ;
; VHDL Version                                                               ; VHDL_1993          ; VHDL_1993          ;
; State Machine Processing                                                   ; Auto               ; Auto               ;
; Safe State Machine                                                         ; Off                ; Off                ;
; Extract Verilog State Machines                                             ; On                 ; On                 ;
; Extract VHDL State Machines                                                ; On                 ; On                 ;
; Ignore Verilog initial constructs                                          ; Off                ; Off                ;
; Iteration limit for constant Verilog loops                                 ; 5000               ; 5000               ;
; Iteration limit for non-constant Verilog loops                             ; 250                ; 250                ;
; Add Pass-Through Logic to Inferred RAMs                                    ; On                 ; On                 ;
; Infer RAMs from Raw Logic                                                  ; On                 ; On                 ;
; Parallel Synthesis                                                         ; On                 ; On                 ;
; DSP Block Balancing                                                        ; Auto               ; Auto               ;
; NOT Gate Push-Back                                                         ; On                 ; On                 ;
; Power-Up Don't Care                                                        ; On                 ; On                 ;
; Remove Redundant Logic Cells                                               ; Off                ; Off                ;
; Remove Duplicate Registers                                                 ; On                 ; On                 ;
; Ignore CARRY Buffers                                                       ; Off                ; Off                ;
; Ignore CASCADE Buffers                                                     ; Off                ; Off                ;
; Ignore GLOBAL Buffers                                                      ; Off                ; Off                ;
; Ignore ROW GLOBAL Buffers                                                  ; Off                ; Off                ;
; Ignore LCELL Buffers                                                       ; Off                ; Off                ;
; Ignore SOFT Buffers                                                        ; On                 ; On                 ;
; Limit AHDL Integers to 32 Bits                                             ; Off                ; Off                ;
; Optimization Technique                                                     ; Balanced           ; Balanced           ;
; Carry Chain Length                                                         ; 70                 ; 70                 ;
; Auto Carry Chains                                                          ; On                 ; On                 ;
; Auto Open-Drain Pins                                                       ; On                 ; On                 ;
; Perform WYSIWYG Primitive Resynthesis                                      ; Off                ; Off                ;
; Auto ROM Replacement                                                       ; On                 ; On                 ;
; Auto RAM Replacement                                                       ; On                 ; On                 ;
; Auto DSP Block Replacement                                                 ; On                 ; On                 ;
; Auto Shift Register Replacement                                            ; Auto               ; Auto               ;
; Allow Shift Register Merging across Hierarchies                            ; Auto               ; Auto               ;
; Auto Clock Enable Replacement                                              ; On                 ; On                 ;
; Strict RAM Replacement                                                     ; Off                ; Off                ;
; Allow Synchronous Control Signals                                          ; On                 ; On                 ;
; Force Use of Synchronous Clear Signals                                     ; Off                ; Off                ;
; Auto RAM Block Balancing                                                   ; On                 ; On                 ;
; Auto RAM to Logic Cell Conversion                                          ; Off                ; Off                ;
; Auto Resource Sharing                                                      ; Off                ; Off                ;
; Allow Any RAM Size For Recognition                                         ; Off                ; Off                ;
; Allow Any ROM Size For Recognition                                         ; Off                ; Off                ;
; Allow Any Shift Register Size For Recognition                              ; Off                ; Off                ;
; Use LogicLock Constraints during Resource Balancing                        ; On                 ; On                 ;
; Ignore translate_off and synthesis_off directives                          ; Off                ; Off                ;
; Timing-Driven Synthesis                                                    ; On                 ; On                 ;
; Report Parameter Settings                                                  ; On                 ; On                 ;
; Report Source Assignments                                                  ; On                 ; On                 ;
; Report Connectivity Checks                                                 ; On                 ; On                 ;
; Ignore Maximum Fan-Out Assignments                                         ; Off                ; Off                ;
; Synchronization Register Chain Length                                      ; 2                  ; 2                  ;
; PowerPlay Power Optimization During Synthesis                              ; Normal compilation ; Normal compilation ;
; HDL message level                                                          ; Level2             ; Level2             ;
; Suppress Register Optimization Related Messages                            ; Off                ; Off                ;
; Number of Removed Registers Reported in Synthesis Report                   ; 5000               ; 5000               ;
; Number of Swept Nodes Reported in Synthesis Report                         ; 5000               ; 5000               ;
; Number of Inverted Registers Reported in Synthesis Report                  ; 100                ; 100                ;
; Clock MUX Protection                                                       ; On                 ; On                 ;
; Auto Gated Clock Conversion                                                ; Off                ; Off                ;
; Block Design Naming                                                        ; Auto               ; Auto               ;
; SDC constraint protection                                                  ; Off                ; Off                ;
; Synthesis Effort                                                           ; Auto               ; Auto               ;
; Shift Register Replacement - Allow Asynchronous Clear Signal               ; On                 ; On                 ;
; Pre-Mapping Resynthesis Optimization                                       ; Off                ; Off                ;
; Analysis & Synthesis Message Level                                         ; Medium             ; Medium             ;
; Disable Register Merging Across Hierarchies                                ; Auto               ; Auto               ;
; Resource Aware Inference For Block RAM                                     ; On                 ; On                 ;
; Synthesis Seed                                                             ; 1                  ; 1                  ;
+----------------------------------------------------------------------------+--------------------+--------------------+


Parallel compilation was disabled, but you have multiple processors available. Enable parallel compilation to reduce compilation time.
+-------------------------------------+
; Parallel Compilation                ;
+----------------------------+--------+
; Processors                 ; Number ;
+----------------------------+--------+
; Number detected on machine ; 8      ;
; Maximum allowed            ; 1      ;
+----------------------------+--------+


+-------------------------------+
; Analysis & Synthesis Messages ;
+-------------------------------+
Info: *******************************************************************
Info: Running Quartus Prime Analysis & Synthesis
    Info: Version 16.0.0 Build 211 04/27/2016 SJ Lite Edition
    Info: Processing started: Mon May 29 10:17:59 2017
Info: Command: quartus_map --read_settings_files=on --write_settings_files=off uProcessor -c uProcessor
Warning (20028): Parallel compilation is not licensed and has been disabled
Info (12021): Found 2 design units, including 1 entities, in source file uprocessor.vhd
    Info (12022): Found design unit 1: uProcessor-behavior File: C:/Users/helder.garjunior/Downloads/microprocessador_vhdl/Código Fonte/uProcessor.vhd Line: 20
    Info (12023): Found entity 1: uProcessor File: C:/Users/helder.garjunior/Downloads/microprocessador_vhdl/Código Fonte/uProcessor.vhd Line: 9
Info (12021): Found 4 design units, including 2 entities, in source file ula.vhd
    Info (12022): Found design unit 1: FA-behavior File: C:/Users/helder.garjunior/Downloads/microprocessador_vhdl/Código Fonte/ula.vhd Line: 18
    Info (12022): Found design unit 2: ULA-behavior File: C:/Users/helder.garjunior/Downloads/microprocessador_vhdl/Código Fonte/ula.vhd Line: 47
    Info (12023): Found entity 1: FA File: C:/Users/helder.garjunior/Downloads/microprocessador_vhdl/Código Fonte/ula.vhd Line: 9
    Info (12023): Found entity 2: ULA File: C:/Users/helder.garjunior/Downloads/microprocessador_vhdl/Código Fonte/ula.vhd Line: 34
Info (12021): Found 2 design units, including 1 entities, in source file rom.vhd
    Info (12022): Found design unit 1: ROM-behavior File: C:/Users/helder.garjunior/Downloads/microprocessador_vhdl/Código Fonte/ROM.vhd Line: 16
    Info (12023): Found entity 1: ROM File: C:/Users/helder.garjunior/Downloads/microprocessador_vhdl/Código Fonte/ROM.vhd Line: 7
Info (12021): Found 2 design units, including 1 entities, in source file ram.vhd
    Info (12022): Found design unit 1: RAM-behavior File: C:/Users/helder.garjunior/Downloads/microprocessador_vhdl/Código Fonte/RAM.vhd Line: 19
    Info (12023): Found entity 1: RAM File: C:/Users/helder.garjunior/Downloads/microprocessador_vhdl/Código Fonte/RAM.vhd Line: 7
Info (12021): Found 2 design units, including 1 entities, in source file program_counter.vhd
    Info (12022): Found design unit 1: Program_Counter-behavior File: C:/Users/helder.garjunior/Downloads/microprocessador_vhdl/Código Fonte/Program_Counter.vhd Line: 21
    Info (12023): Found entity 1: Program_Counter File: C:/Users/helder.garjunior/Downloads/microprocessador_vhdl/Código Fonte/Program_Counter.vhd Line: 7
Info (12021): Found 2 design units, including 1 entities, in source file mux2x1.vhd
    Info (12022): Found design unit 1: mux2x1-behavior File: C:/Users/helder.garjunior/Downloads/microprocessador_vhdl/Código Fonte/mux2x1.vhd Line: 19
    Info (12023): Found entity 1: mux2x1 File: C:/Users/helder.garjunior/Downloads/microprocessador_vhdl/Código Fonte/mux2x1.vhd Line: 7
Info (12021): Found 2 design units, including 1 entities, in source file ir.vhd
    Info (12022): Found design unit 1: Instruction_Register-behavior File: C:/Users/helder.garjunior/Downloads/microprocessador_vhdl/Código Fonte/IR.vhd Line: 20
    Info (12023): Found entity 1: Instruction_Register File: C:/Users/helder.garjunior/Downloads/microprocessador_vhdl/Código Fonte/IR.vhd Line: 7
Info (12021): Found 2 design units, including 1 entities, in source file fsm.vhd
    Info (12022): Found design unit 1: FSM-behavior File: C:/Users/helder.garjunior/Downloads/microprocessador_vhdl/Código Fonte/FSM.vhd Line: 33
    Info (12023): Found entity 1: FSM File: C:/Users/helder.garjunior/Downloads/microprocessador_vhdl/Código Fonte/FSM.vhd Line: 9
Error (10430): VHDL Primary Unit Declaration error at FA.vhd(8): primary unit "FA" already exists in library "work". Compile the two primary units into different libraries or assign them unique names. The Altera Knowledge Database contains many articles with specific details on how to resolve this error. Visit the Knowledge Database at https://www.altera.com/support/support-resources/knowledge-base/search.html and search for this specific error message number. File: C:/Users/helder.garjunior/Downloads/microprocessador_vhdl/Código Fonte/FA.vhd Line: 8
Error (10784): HDL error at ula.vhd(9): see declaration for object "FA" File: C:/Users/helder.garjunior/Downloads/microprocessador_vhdl/Código Fonte/ula.vhd Line: 9
Info (12021): Found 0 design units, including 0 entities, in source file fa.vhd
Info (12021): Found 2 design units, including 1 entities, in source file decoder.vhd
    Info (12022): Found design unit 1: Decoder-behavior File: C:/Users/helder.garjunior/Downloads/microprocessador_vhdl/Código Fonte/Decoder.vhd Line: 23
    Info (12023): Found entity 1: Decoder File: C:/Users/helder.garjunior/Downloads/microprocessador_vhdl/Código Fonte/Decoder.vhd Line: 10
Info (12021): Found 2 design units, including 1 entities, in source file acumulator.vhd
    Info (12022): Found design unit 1: Accumulator-behavior File: C:/Users/helder.garjunior/Downloads/microprocessador_vhdl/Código Fonte/Acumulator.vhd Line: 18
    Info (12023): Found entity 1: Accumulator File: C:/Users/helder.garjunior/Downloads/microprocessador_vhdl/Código Fonte/Acumulator.vhd Line: 7
Error: Quartus Prime Analysis & Synthesis was unsuccessful. 2 errors, 1 warning
    Error: Peak virtual memory: 859 megabytes
    Error: Processing ended: Mon May 29 10:18:13 2017
    Error: Elapsed time: 00:00:14
    Error: Total CPU time (on all processors): 00:00:23


