Flow report for uProcessor
Thu Jun 15 11:22:39 2017
Quartus Prime Version 16.1.0 Build 196 10/24/2016 SJ Lite Edition


---------------------
; Table of Contents ;
---------------------
  1. Legal Notice
  2. Flow Summary
  3. Flow Settings
  4. Flow Non-Default Global Settings
  5. Flow Elapsed Time
  6. Flow OS Summary
  7. Flow Log
  8. Flow Messages
  9. Flow Suppressed Messages



----------------
; Legal Notice ;
----------------
Copyright (C) 2016  Intel Corporation. All rights reserved.
Your use of Intel Corporation's design tools, logic functions 
and other software and tools, and its AMPP partner logic 
functions, and any output files from any of the foregoing 
(including device programming or simulation files), and any 
associated documentation or information are expressly subject 
to the terms and conditions of the Intel Program License 
Subscription Agreement, the Intel Quartus Prime License Agreement,
the Intel MegaCore Function License Agreement, or other 
applicable license agreement, including, without limitation, 
that your use is for the sole purpose of programming logic 
devices manufactured by Intel and sold by Intel or its 
authorized distributors.  Please refer to the applicable 
agreement for further details.



+----------------------------------------------------------------------------------+
; Flow Summary                                                                     ;
+------------------------------------+---------------------------------------------+
; Flow Status                        ; Successful - Thu Jun 15 11:22:39 2017       ;
; Quartus Prime Version              ; 16.1.0 Build 196 10/24/2016 SJ Lite Edition ;
; Revision Name                      ; uProcessor                                  ;
; Top-level Entity Name              ; subtractor7b                                ;
; Family                             ; Cyclone IV E                                ;
; Total logic elements               ; 28                                          ;
;     Total combinational functions  ; 28                                          ;
;     Dedicated logic registers      ; 0                                           ;
; Total registers                    ; 0                                           ;
; Total pins                         ; 23                                          ;
; Total virtual pins                 ; 0                                           ;
; Total memory bits                  ; 0                                           ;
; Embedded Multiplier 9-bit elements ; 0                                           ;
; Total PLLs                         ; 0                                           ;
+------------------------------------+---------------------------------------------+


+-----------------------------------------+
; Flow Settings                           ;
+-------------------+---------------------+
; Option            ; Setting             ;
+-------------------+---------------------+
; Start date & time ; 06/15/2017 11:17:00 ;
; Main task         ; Compilation         ;
; Revision Name     ; uProcessor          ;
+-------------------+---------------------+


+------------------------------------------------------------------------------------------------------------------------------+
; Flow Non-Default Global Settings                                                                                             ;
+-------------------------------------+----------------------------------------+---------------+--------------+----------------+
; Assignment Name                     ; Value                                  ; Default Value ; Entity Name  ; Section Id     ;
+-------------------------------------+----------------------------------------+---------------+--------------+----------------+
; COMPILER_SIGNATURE_ID               ; 172269393249805.149753622004160        ; --            ; --           ; --             ;
; EDA_OUTPUT_DATA_FORMAT              ; Verilog Hdl                            ; --            ; --           ; eda_simulation ;
; EDA_SIMULATION_TOOL                 ; ModelSim-Altera (Verilog)              ; <None>        ; --           ; --             ;
; EDA_TIME_SCALE                      ; 1 ps                                   ; --            ; --           ; eda_simulation ;
; PARTITION_COLOR                     ; -- (Not supported for targeted family) ; --            ; subtractor7b ; Top            ;
; PARTITION_FITTER_PRESERVATION_LEVEL ; -- (Not supported for targeted family) ; --            ; subtractor7b ; Top            ;
; PARTITION_NETLIST_TYPE              ; -- (Not supported for targeted family) ; --            ; subtractor7b ; Top            ;
; PROJECT_OUTPUT_DIRECTORY            ; output_files                           ; --            ; --           ; --             ;
; TOP_LEVEL_ENTITY                    ; subtractor7b                           ; uProcessor    ; --           ; --             ;
+-------------------------------------+----------------------------------------+---------------+--------------+----------------+


+--------------------------------------------------------------------------------------------------------------------------+
; Flow Elapsed Time                                                                                                        ;
+----------------------+--------------+-------------------------+---------------------+------------------------------------+
; Module Name          ; Elapsed Time ; Average Processors Used ; Peak Virtual Memory ; Total CPU Time (on all processors) ;
+----------------------+--------------+-------------------------+---------------------+------------------------------------+
; Analysis & Synthesis ; 00:00:15     ; 1.0                     ; 643 MB              ; 00:00:31                           ;
; EDA Netlist Writer   ; 00:00:00     ; 1.0                     ; 487 MB              ; 00:00:01                           ;
; EDA Netlist Writer   ; 00:00:01     ; 1.0                     ; 493 MB              ; 00:00:01                           ;
; EDA Netlist Writer   ; 00:00:00     ; 1.0                     ; 489 MB              ; 00:00:01                           ;
; EDA Netlist Writer   ; 00:00:00     ; 1.0                     ; 493 MB              ; 00:00:01                           ;
; EDA Netlist Writer   ; 00:00:00     ; 1.0                     ; 489 MB              ; 00:00:01                           ;
; EDA Netlist Writer   ; 00:00:01     ; 1.0                     ; 493 MB              ; 00:00:01                           ;
; Total                ; 00:00:17     ; --                      ; --                  ; 00:00:37                           ;
+----------------------+--------------+-------------------------+---------------------+------------------------------------+


+-----------------------------------------------------------------------------------+
; Flow OS Summary                                                                   ;
+----------------------+------------------+-----------+------------+----------------+
; Module Name          ; Machine Hostname ; OS Name   ; OS Version ; Processor type ;
+----------------------+------------------+-----------+------------+----------------+
; Analysis & Synthesis ; Orion-PC         ; Windows 7 ; 6.1        ; x86_64         ;
; EDA Netlist Writer   ; Orion-PC         ; Windows 7 ; 6.1        ; x86_64         ;
; EDA Netlist Writer   ; Orion-PC         ; Windows 7 ; 6.1        ; x86_64         ;
; EDA Netlist Writer   ; Orion-PC         ; Windows 7 ; 6.1        ; x86_64         ;
; EDA Netlist Writer   ; Orion-PC         ; Windows 7 ; 6.1        ; x86_64         ;
; EDA Netlist Writer   ; Orion-PC         ; Windows 7 ; 6.1        ; x86_64         ;
; EDA Netlist Writer   ; Orion-PC         ; Windows 7 ; 6.1        ; x86_64         ;
+----------------------+------------------+-----------+------------+----------------+


------------
; Flow Log ;
------------
quartus_map --read_settings_files=on --write_settings_files=off uProcessor -c uProcessor
quartus_eda --gen_testbench --tool=modelsim_oem --format=vhdl --write_settings_files=off uProcessor -c uProcessor --vector_source=D:/Documentos/microcontrolador/Waveform1.vwf --testbench_file=D:/Documentos/microcontrolador/simulation/qsim/Waveform1.vwf.vht
quartus_eda --write_settings_files=off --simulation=on --functional=on --flatten_buses=off --tool=modelsim_oem --format=vhdl --output_directory=D:/Documentos/microcontrolador/simulation/qsim/ uProcessor -c uProcessor
quartus_eda --gen_testbench --tool=modelsim_oem --format=vhdl --write_settings_files=off uProcessor -c uProcessor --vector_source=D:/Documentos/microcontrolador/Waveform1.vwf --testbench_file=D:/Documentos/microcontrolador/simulation/qsim/Waveform1.vwf.vht
quartus_eda --write_settings_files=off --simulation=on --functional=on --flatten_buses=off --tool=modelsim_oem --format=vhdl --output_directory=D:/Documentos/microcontrolador/simulation/qsim/ uProcessor -c uProcessor
quartus_eda --gen_testbench --tool=modelsim_oem --format=vhdl --write_settings_files=off uProcessor -c uProcessor --vector_source=D:/Documentos/microcontrolador/Waveform1.vwf --testbench_file=D:/Documentos/microcontrolador/simulation/qsim/Waveform1.vwf.vht
quartus_eda --write_settings_files=off --simulation=on --functional=on --flatten_buses=off --tool=modelsim_oem --format=vhdl --output_directory=D:/Documentos/microcontrolador/simulation/qsim/ uProcessor -c uProcessor



